\BOOKMARK [1][-]{section.1}{\376\377\000I\000n\000t\000r\000o\000d\000u\000c\000t\000i\000o\000n}{}% 1
\BOOKMARK [1][-]{section.2}{\376\377\000T\000h\000e\000\040\000N\000e\000c\000e\000s\000s\000a\000r\000y\000\040\000B\000u\000g\000:\000\040\000M\000u\000t\000a\000t\000i\000o\000n\000\040\000a\000s\000\040\000t\000h\000e\000\040\000P\000r\000i\000c\000e\000\040\000o\000f\000\040\000I\000n\000n\000o\000v\000a\000t\000i\000o\000n}{}% 2
\BOOKMARK [1][-]{section.3}{\376\377\000P\000o\000s\000i\000t\000i\000o\000n\000i\000n\000g\000\040\000W\000i\000t\000h\000i\000n\000\040\000C\000a\000n\000c\000e\000r\000\040\000T\000h\000e\000o\000r\000y}{}% 3
\BOOKMARK [1][-]{section.4}{\376\377\000B\000o\000u\000n\000d\000a\000r\000y\000\040\000F\000a\000i\000l\000u\000r\000e\000\040\000a\000s\000\040\000L\000o\000s\000s\000\040\000o\000f\000\040\000C\000r\000o\000s\000s\000-\000S\000c\000a\000l\000e\000\040\000O\000b\000s\000e\000r\000v\000a\000b\000i\000l\000i\000t\000y}{}% 4
\BOOKMARK [2][-]{subsection.4.1}{\376\377\000R\000e\000l\000a\000t\000i\000o\000n\000a\000l\000\040\000I\000d\000e\000n\000t\000i\000t\000y\000\040\000a\000n\000d\000\040\000O\000r\000g\000a\000n\000i\000s\000m\000-\000L\000e\000v\000e\000l\000\040\000C\000o\000n\000t\000r\000o\000l}{section.4}% 5
\BOOKMARK [2][-]{subsection.4.2}{\376\377\000T\000h\000e\000\040\000I\000d\000e\000n\000t\000i\000t\000y\000\040\000C\000o\000l\000l\000a\000p\000s\000e}{section.4}% 6
\BOOKMARK [2][-]{subsection.4.3}{\376\377\000D\000i\000s\000t\000i\000n\000c\000t\000i\000o\000n\000,\000\040\000I\000n\000f\000o\000r\000m\000a\000t\000i\000o\000n\000,\000\040\000a\000n\000d\000\040\000E\000n\000e\000r\000g\000e\000t\000i\000c\000\040\000C\000o\000n\000s\000t\000r\000a\000i\000n\000t\000s}{section.4}% 7
\BOOKMARK [1][-]{section.5}{\376\377\000A\000\040\000S\000t\000r\000u\000c\000t\000u\000r\000a\000l\000\040\000A\000n\000a\000l\000o\000g\000y\000\040\000t\000o\000\040\000R\000e\000c\000u\000r\000s\000i\000v\000e\000\040\000S\000e\000l\000f\000-\000D\000u\000p\000l\000i\000c\000a\000t\000i\000o\000n}{}% 8
\BOOKMARK [2][-]{subsection.5.1}{\376\377\000T\000h\000e\000\040\000C\000o\000m\000p\000u\000t\000a\000t\000i\000o\000n\000a\000l\000\040\000P\000a\000t\000t\000e\000r\000n}{section.5}% 9
\BOOKMARK [2][-]{subsection.5.2}{\376\377\000T\000h\000e\000\040\000B\000i\000o\000l\000o\000g\000i\000c\000a\000l\000\040\000R\000e\000a\000d\000i\000n\000g\000\040\000\050\000A\000n\000a\000l\000o\000g\000y\000,\000\040\000N\000o\000t\000\040\000I\000d\000e\000n\000t\000i\000t\000y\000\051}{section.5}% 10
\BOOKMARK [2][-]{subsection.5.3}{\376\377\000W\000h\000y\000\040\000t\000h\000e\000\040\000A\000n\000a\000l\000o\000g\000y\000\040\000I\000s\000\040\000U\000s\000e\000f\000u\000l}{section.5}% 11
\BOOKMARK [1][-]{section.6}{\376\377\000A\000\040\000C\000o\000n\000t\000r\000o\000l\000-\000B\000u\000d\000g\000e\000t\000\040\000F\000o\000r\000m\000u\000l\000a\000t\000i\000o\000n\000\040\000o\000f\000\040\000M\000e\000t\000a\000b\000o\000l\000i\000c\000\040\000E\000s\000c\000a\000p\000e}{}% 12
\BOOKMARK [1][-]{section.7}{\376\377\000T\000e\000m\000p\000o\000r\000a\000l\000\040\000C\000o\000o\000r\000d\000i\000n\000a\000t\000i\000o\000n\000\040\000a\000n\000d\000\040\000L\000o\000s\000s\000\040\000o\000f\000\040\000S\000y\000n\000c\000h\000r\000o\000n\000y}{}% 13
\BOOKMARK [2][-]{subsection.7.1}{\376\377\000C\000i\000r\000c\000a\000d\000i\000a\000n\000\040\000D\000i\000s\000r\000u\000p\000t\000i\000o\000n\000\040\000a\000n\000d\000\040\000C\000a\000n\000c\000e\000r}{section.7}% 14
\BOOKMARK [2][-]{subsection.7.2}{\376\377\000L\000o\000s\000s\000\040\000o\000f\000\040\000T\000e\000m\000p\000o\000r\000a\000l\000\040\000C\000o\000o\000r\000d\000i\000n\000a\000t\000i\000o\000n\000\040\000a\000s\000\040\000B\000o\000u\000n\000d\000a\000r\000y\000\040\000F\000a\000i\000l\000u\000r\000e}{section.7}% 15
\BOOKMARK [2][-]{subsection.7.3}{\376\377\000P\000e\000r\000i\000n\000e\000u\000r\000a\000l\000\040\000I\000n\000v\000a\000s\000i\000o\000n\000\040\000R\000e\000i\000n\000t\000e\000r\000p\000r\000e\000t\000e\000d}{section.7}% 16
\BOOKMARK [1][-]{section.8}{\376\377\000I\000m\000m\000u\000n\000e\000\040\000E\000v\000a\000s\000i\000o\000n\000\040\000a\000s\000\040\000L\000o\000s\000s\000\040\000o\000f\000\040\000D\000i\000s\000t\000i\000n\000g\000u\000i\000s\000h\000a\000b\000i\000l\000i\000t\000y}{}% 17
\BOOKMARK [2][-]{subsection.8.1}{\376\377\000T\000h\000e\000\040\000P\000D\000-\0001\000/\000P\000D\000-\000L\0001\000\040\000C\000h\000e\000c\000k\000p\000o\000i\000n\000t\000\040\000A\000x\000i\000s}{section.8}% 18
\BOOKMARK [2][-]{subsection.8.2}{\376\377\000S\000e\000c\000o\000n\000d\000a\000r\000y\000\040\000B\000o\000u\000n\000d\000a\000r\000y\000\040\000F\000a\000i\000l\000u\000r\000e\000s}{section.8}% 19
\BOOKMARK [2][-]{subsection.8.3}{\376\377\000G\000a\000p\000\040\000J\000u\000n\000c\000t\000i\000o\000n\000s\000\040\000a\000n\000d\000\040\000A\000n\000t\000i\000g\000e\000n\000\040\000B\000r\000o\000a\000d\000c\000a\000s\000t}{section.8}% 20
\BOOKMARK [1][-]{section.9}{\376\377\000T\000h\000e\000r\000m\000o\000d\000y\000n\000a\000m\000i\000c\000\040\000P\000e\000r\000s\000p\000e\000c\000t\000i\000v\000e\000:\000\040\000C\000o\000s\000t\000\040\000E\000x\000t\000e\000r\000n\000a\000l\000i\000z\000a\000t\000i\000o\000n}{}% 21
\BOOKMARK [2][-]{subsection.9.1}{\376\377\000T\000h\000e\000\040\000W\000a\000r\000b\000u\000r\000g\000\040\000E\000f\000f\000e\000c\000t\000\040\000a\000s\000\040\000M\000e\000t\000a\000b\000o\000l\000i\000c\000\040\000D\000e\000c\000o\000u\000p\000l\000i\000n\000g}{section.9}% 22
\BOOKMARK [2][-]{subsection.9.2}{\376\377\000C\000a\000c\000h\000e\000x\000i\000a\000\040\000a\000s\000\040\000S\000y\000s\000t\000e\000m\000i\000c\000\040\000C\000o\000s\000t\000\040\000P\000a\000y\000m\000e\000n\000t}{section.9}% 23
\BOOKMARK [2][-]{subsection.9.3}{\376\377\000E\000n\000t\000r\000o\000p\000y\000\040\000P\000r\000o\000d\000u\000c\000t\000i\000o\000n\000\040\000\050\000H\000e\000u\000r\000i\000s\000t\000i\000c\000\051}{section.9}% 24
\BOOKMARK [1][-]{section.10}{\376\377\000T\000o\000y\000\040\000F\000o\000r\000m\000a\000l\000i\000s\000m\000:\000\040\000T\000i\000s\000s\000u\000e\000\040\000a\000s\000\040\000a\000\040\000L\000a\000b\000e\000l\000e\000d\000\040\000G\000r\000a\000p\000h}{}% 25
\BOOKMARK [2][-]{subsection.10.1}{\376\377\000S\000t\000a\000t\000e\000\040\000V\000a\000r\000i\000a\000b\000l\000e\000s}{section.10}% 26
\BOOKMARK [2][-]{subsection.10.2}{\376\377\000A\000\040\000C\000o\000h\000e\000r\000e\000n\000c\000e\000\040\000M\000e\000t\000r\000i\000c}{section.10}% 27
\BOOKMARK [2][-]{subsection.10.3}{\376\377\000C\000a\000n\000c\000e\000r\000\040\000T\000r\000a\000n\000s\000f\000o\000r\000m\000\040\000O\000p\000e\000r\000a\000t\000o\000r}{section.10}% 28
\BOOKMARK [1][-]{section.11}{\376\377\000T\000o\000w\000a\000r\000d\000\040\000M\000e\000a\000s\000u\000r\000a\000b\000l\000e\000\040\000P\000r\000o\000x\000i\000e\000s}{}% 29
\BOOKMARK [1][-]{section.12}{\376\377\000T\000h\000e\000r\000a\000p\000e\000u\000t\000i\000c\000\040\000D\000e\000s\000i\000g\000n\000\040\000P\000r\000i\000n\000c\000i\000p\000l\000e\000:\000\040\000R\000e\000s\000t\000o\000r\000e\000\040\000O\000b\000s\000e\000r\000v\000a\000b\000i\000l\000i\000t\000y\000\040\000a\000n\000d\000\040\000E\000n\000f\000o\000r\000c\000e\000\040\000T\000e\000r\000m\000i\000n\000a\000t\000i\000o\000n}{}% 30
\BOOKMARK [2][-]{subsection.12.1}{\376\377\000F\000o\000r\000c\000e\000\040\000D\000i\000s\000t\000i\000n\000c\000t\000i\000o\000n}{section.12}% 31
\BOOKMARK [2][-]{subsection.12.2}{\376\377\000R\000e\000s\000t\000o\000r\000e\000\040\000T\000e\000r\000m\000i\000n\000a\000t\000i\000o\000n\000\040\000P\000r\000e\000d\000i\000c\000a\000t\000e\000s}{section.12}% 32
\BOOKMARK [2][-]{subsection.12.3}{\376\377\000R\000e\000-\000c\000o\000u\000p\000l\000e\000\040\000t\000o\000\040\000T\000i\000s\000s\000u\000e\000\040\000C\000o\000n\000s\000t\000r\000a\000i\000n\000t\000s}{section.12}% 33
\BOOKMARK [2][-]{subsection.12.4}{\376\377\000C\000o\000n\000s\000t\000r\000a\000i\000n\000\040\000R\000e\000s\000o\000u\000r\000c\000e\000\040\000E\000x\000t\000e\000r\000n\000a\000l\000i\000z\000a\000t\000i\000o\000n}{section.12}% 34
\BOOKMARK [1][-]{section.13}{\376\377\000C\000l\000i\000n\000i\000c\000a\000l\000\040\000C\000o\000r\000r\000e\000l\000a\000t\000i\000o\000n\000s\000\040\000a\000n\000d\000\040\000T\000e\000s\000t\000a\000b\000l\000e\000\040\000H\000y\000p\000o\000t\000h\000e\000s\000e\000s}{}% 35
\BOOKMARK [1][-]{section.14}{\376\377\000E\000m\000p\000i\000r\000i\000c\000a\000l\000\040\000V\000a\000l\000i\000d\000a\000t\000i\000o\000n\000:\000\040\000T\000C\000G\000A\000\040\000C\000o\000h\000o\000r\000t\000\040\000A\000n\000a\000l\000y\000s\000i\000s}{}% 36
\BOOKMARK [2][-]{subsection.14.1}{\376\377\000C\000i\000r\000c\000a\000d\000i\000a\000n\000\040\000C\000o\000h\000e\000r\000e\000n\000c\000e\000\040\000a\000n\000d\000\040\000P\000D\000-\000L\0001}{section.14}% 37
\BOOKMARK [2][-]{subsection.14.2}{\376\377\000P\000D\000-\000L\0001\000\040\000a\000n\000d\000\040\000M\000H\000C\000\040\000C\000l\000a\000s\000s\000\040\000I\000\040\000C\000o\000-\000r\000e\000g\000u\000l\000a\000t\000i\000o\000n}{section.14}% 38
\BOOKMARK [2][-]{subsection.14.3}{\376\377\000G\000a\000p\000\040\000J\000u\000n\000c\000t\000i\000o\000n\000\040\000E\000x\000p\000r\000e\000s\000s\000i\000o\000n}{section.14}% 39
\BOOKMARK [2][-]{subsection.14.4}{\376\377\000S\000u\000m\000m\000a\000r\000y\000\040\000o\000f\000\040\000K\000e\000y\000\040\000C\000o\000r\000r\000e\000l\000a\000t\000i\000o\000n\000s}{section.14}% 40
\BOOKMARK [2][-]{subsection.14.5}{\376\377\000T\000u\000m\000o\000r\000\040\000v\000s\000.\000\040\000M\000a\000t\000c\000h\000e\000d\000\040\000N\000o\000r\000m\000a\000l\000\040\000T\000i\000s\000s\000u\000e}{section.14}% 41
\BOOKMARK [2][-]{subsection.14.6}{\376\377\000A\000c\000t\000i\000v\000e\000\040\000M\000a\000s\000k\000i\000n\000g\000\040\000v\000s\000.\000\040\000T\000e\000m\000p\000o\000r\000a\000l\000\040\000D\000e\000c\000o\000h\000e\000r\000e\000n\000c\000e\000\040\000C\000l\000a\000s\000s\000i\000f\000i\000c\000a\000t\000i\000o\000n}{section.14}% 42
\BOOKMARK [2][-]{subsection.14.7}{\376\377\000S\000u\000r\000v\000i\000v\000a\000l\000\040\000A\000n\000a\000l\000y\000s\000i\000s}{section.14}% 43
\BOOKMARK [2][-]{subsection.14.8}{\376\377\000R\000o\000b\000u\000s\000t\000n\000e\000s\000s\000\040\000t\000o\000\040\000C\000l\000i\000n\000i\000c\000a\000l\000\040\000C\000o\000v\000a\000r\000i\000a\000t\000e\000s\000\040\000a\000n\000d\000\040\000I\000n\000t\000e\000r\000a\000c\000t\000i\000o\000n\000\040\000S\000t\000r\000u\000c\000t\000u\000r\000e}{section.14}% 44
\BOOKMARK [2][-]{subsection.14.9}{\376\377\000S\000t\000a\000g\000e\000-\000S\000t\000r\000a\000t\000i\000f\000i\000e\000d\000\040\000A\000n\000a\000l\000y\000s\000i\000s}{section.14}% 45
\BOOKMARK [2][-]{subsection.14.10}{\376\377\000S\000t\000r\000o\000m\000a\000l\000\040\000C\000o\000n\000f\000o\000u\000n\000d\000\040\000S\000e\000n\000s\000i\000t\000i\000v\000i\000t\000y}{section.14}% 46
\BOOKMARK [2][-]{subsection.14.11}{\376\377\000C\000o\000m\000p\000o\000s\000i\000t\000e\000\040\000O\000b\000s\000e\000r\000v\000a\000b\000i\000l\000i\000t\000y\000\040\000I\000n\000d\000e\000x}{section.14}% 47
\BOOKMARK [2][-]{subsection.14.12}{\376\377\000E\000x\000t\000e\000r\000n\000a\000l\000\040\000V\000a\000l\000i\000d\000a\000t\000i\000o\000n\000:\000\040\000G\000S\000E\0009\0001\0000\0006\0001\000\040\000\050\000N\000i\000v\000o\000l\000u\000m\000a\000b\000\040\000M\000e\000l\000a\000n\000o\000m\000a\000\051}{section.14}% 48
\BOOKMARK [2][-]{subsection.14.13}{\376\377\000I\000m\000p\000l\000i\000c\000a\000t\000i\000o\000n\000s\000\040\000f\000o\000r\000\040\000t\000h\000e\000\040\000F\000r\000a\000m\000e\000w\000o\000r\000k}{section.14}% 49
\BOOKMARK [1][-]{section.15}{\376\377\000S\000i\000m\000u\000l\000a\000t\000i\000o\000n}{}% 50
\BOOKMARK [2][-]{subsection.15.1}{\376\377\000U\000p\000d\000a\000t\000e\000\040\000R\000u\000l\000e\000s}{section.15}% 51
\BOOKMARK [2][-]{subsection.15.2}{\376\377\000W\000h\000a\000t\000\040\000t\000h\000e\000\040\000S\000i\000m\000u\000l\000a\000t\000i\000o\000n\000\040\000D\000e\000m\000o\000n\000s\000t\000r\000a\000t\000e\000s}{section.15}% 52
\BOOKMARK [1][-]{section.16}{\376\377\000L\000i\000m\000i\000t\000a\000t\000i\000o\000n\000s}{}% 53
\BOOKMARK [1][-]{section.17}{\376\377\000C\000o\000n\000c\000l\000u\000s\000i\000o\000n}{}% 54
\BOOKMARK [1][-]{section.18}{\376\377\000F\000u\000t\000u\000r\000e\000\040\000R\000e\000s\000e\000a\000r\000c\000h\000\040\000D\000i\000r\000e\000c\000t\000i\000o\000n\000s}{}% 55
\BOOKMARK [1][-]{appendix.A}{\376\377\000C\000o\000d\000e\000\040\000A\000v\000a\000i\000l\000a\000b\000i\000l\000i\000t\000y\000\040\000a\000n\000d\000\040\000R\000e\000p\000r\000o\000d\000u\000c\000i\000b\000i\000l\000i\000t\000y\000\040\000A\000s\000s\000e\000t\000s}{}% 56
